#
# There is insufficient memory for the Java Runtime Environment to continue.
# Native memory allocation (mmap) failed to map 35791568896 bytes for committing reserved memory.
# Possible reasons:
#   The system is out of physical RAM or swap space
#   In 32 bit mode, the process size limit was hit
# Possible solutions:
#   Reduce memory load on the system
#   Increase physical memory or swap space
#   Check if swap backing store is full
#   Use 64 bit Java on a 64 bit OS
#   Decrease Java heap size (-Xmx/-Xms)
#   Decrease number of Java threads
#   Decrease Java thread stack sizes (-Xss)
#   Set larger code cache with -XX:ReservedCodeCacheSize=
# This output file may be truncated or incomplete.
#
#  Out of Memory Error (os_linux.cpp:2643), pid=18118, tid=0x00007f3d6fcaf700
#
# JRE version:  (8.0_131-b11) (build )
# Java VM: OpenJDK 64-Bit Server VM (25.131-b11 mixed mode linux-amd64 )
# Failed to write core dump. Core dumps have been disabled. To enable core dumping, try "ulimit -c unlimited" before starting Java again
#

---------------  T H R E A D  ---------------

Current thread (0x00007f3d68013800):  JavaThread "Unknown thread" [_thread_in_vm, id=18121, stack(0x00007f3d6fbaf000,0x00007f3d6fcb0000)]

Stack: [0x00007f3d6fbaf000,0x00007f3d6fcb0000],  sp=0x00007f3d6fcae630,  free space=1021k
Native frames: (J=compiled Java code, j=interpreted, Vv=VM code, C=native code)
V  [libjvm.so+0xa673eb]
V  [libjvm.so+0x4c3bec]
V  [libjvm.so+0x8b58a0]
V  [libjvm.so+0x8afd1e]
V  [libjvm.so+0x92a856]
V  [libjvm.so+0x91b333]
V  [libjvm.so+0x2ad511]
V  [libjvm.so+0x8dae29]
V  [libjvm.so+0xa2a8e9]
V  [libjvm.so+0xa2ab32]
V  [libjvm.so+0x60efff]
V  [libjvm.so+0xa0feda]
V  [libjvm.so+0x6891e2]  JNI_CreateJavaVM+0x62
C  [libjli.so+0x2f2e]
C  [libjli.so+0x73dd]
C  [libpthread.so.0+0x76ba]  start_thread+0xca


---------------  P R O C E S S  ---------------

Java Threads: ( => current thread )

Other Threads:

=>0x00007f3d68013800 (exited) JavaThread "Unknown thread" [_thread_in_vm, id=18121, stack(0x00007f3d6fbaf000,0x00007f3d6fcb0000)]

VM state:not at safepoint (not fully initialized)

VM Mutex/Monitor currently owned by a thread: None

GC Heap History (0 events):
No events

Deoptimization events (0 events):
No events

Internal exceptions (0 events):
No events

Events (0 events):
No events


Dynamic libraries:
00400000-00401000 r-xp 00000000 08:05 671519                             /usr/lib/jvm/java-8-openjdk-amd64/jre/bin/java
00600000-00601000 r--p 00000000 08:05 671519                             /usr/lib/jvm/java-8-openjdk-amd64/jre/bin/java
00601000-00602000 rw-p 00001000 08:05 671519                             /usr/lib/jvm/java-8-openjdk-amd64/jre/bin/java
01816000-01837000 rw-p 00000000 00:00 0                                  [heap]
7f30d2bff000-7f30d6ea9000 ---p 00000000 00:00 0 
7f30d6ea9000-7f30d9000000 rw-p 00000000 00:00 0 
7f392e580000-7f3d59000000 rw-p 00000000 00:00 0 
7f3d59000000-7f3d59270000 rwxp 00000000 00:00 0 
7f3d59270000-7f3d68000000 ---p 00000000 00:00 0 
7f3d68000000-7f3d6803b000 rw-p 00000000 00:00 0 
7f3d6803b000-7f3d6c000000 ---p 00000000 00:00 0 
7f3d6c068000-7f3d6c072000 rw-p 00000000 00:00 0 
7f3d6c072000-7f3d6c428000 ---p 00000000 00:00 0 
7f3d6c428000-7f3d6c430000 r-xp 00000000 08:05 671465                     /usr/lib/jvm/java-8-openjdk-amd64/jre/lib/amd64/libzip.so
7f3d6c430000-7f3d6c62f000 ---p 00008000 08:05 671465                     /usr/lib/jvm/java-8-openjdk-amd64/jre/lib/amd64/libzip.so
7f3d6c62f000-7f3d6c630000 r--p 00007000 08:05 671465                     /usr/lib/jvm/java-8-openjdk-amd64/jre/lib/amd64/libzip.so
7f3d6c630000-7f3d6c631000 rw-p 00008000 08:05 671465                     /usr/lib/jvm/java-8-openjdk-amd64/jre/lib/amd64/libzip.so
7f3d6c631000-7f3d6c63c000 r-xp 00000000 08:05 2364070                    /lib/x86_64-linux-gnu/libnss_files-2.23.so
7f3d6c63c000-7f3d6c83b000 ---p 0000b000 08:05 2364070                    /lib/x86_64-linux-gnu/libnss_files-2.23.so
7f3d6c83b000-7f3d6c83c000 r--p 0000a000 08:05 2364070                    /lib/x86_64-linux-gnu/libnss_files-2.23.so
7f3d6c83c000-7f3d6c83d000 rw-p 0000b000 08:05 2364070                    /lib/x86_64-linux-gnu/libnss_files-2.23.so
7f3d6c83d000-7f3d6c843000 rw-p 00000000 00:00 0 
7f3d6c843000-7f3d6c84e000 r-xp 00000000 08:05 2364063                    /lib/x86_64-linux-gnu/libnss_nis-2.23.so
7f3d6c84e000-7f3d6ca4d000 ---p 0000b000 08:05 2364063                    /lib/x86_64-linux-gnu/libnss_nis-2.23.so
7f3d6ca4d000-7f3d6ca4e000 r--p 0000a000 08:05 2364063                    /lib/x86_64-linux-gnu/libnss_nis-2.23.so
7f3d6ca4e000-7f3d6ca4f000 rw-p 0000b000 08:05 2364063                    /lib/x86_64-linux-gnu/libnss_nis-2.23.so
7f3d6ca4f000-7f3d6ca65000 r-xp 00000000 08:05 2364065                    /lib/x86_64-linux-gnu/libnsl-2.23.so
7f3d6ca65000-7f3d6cc64000 ---p 00016000 08:05 2364065                    /lib/x86_64-linux-gnu/libnsl-2.23.so
7f3d6cc64000-7f3d6cc65000 r--p 00015000 08:05 2364065                    /lib/x86_64-linux-gnu/libnsl-2.23.so
7f3d6cc65000-7f3d6cc66000 rw-p 00016000 08:05 2364065                    /lib/x86_64-linux-gnu/libnsl-2.23.so
7f3d6cc66000-7f3d6cc68000 rw-p 00000000 00:00 0 
7f3d6cc68000-7f3d6cc70000 r-xp 00000000 08:05 2364075                    /lib/x86_64-linux-gnu/libnss_compat-2.23.so
7f3d6cc70000-7f3d6ce6f000 ---p 00008000 08:05 2364075                    /lib/x86_64-linux-gnu/libnss_compat-2.23.so
7f3d6ce6f000-7f3d6ce70000 r--p 00007000 08:05 2364075                    /lib/x86_64-linux-gnu/libnss_compat-2.23.so
7f3d6ce70000-7f3d6ce71000 rw-p 00008000 08:05 2364075                    /lib/x86_64-linux-gnu/libnss_compat-2.23.so
7f3d6ce71000-7f3d6ce7b000 r-xp 00000000 08:05 671478                     /usr/lib/jvm/java-8-openjdk-amd64/jre/lib/amd64/libinstrument.so
7f3d6ce7b000-7f3d6d07a000 ---p 0000a000 08:05 671478                     /usr/lib/jvm/java-8-openjdk-amd64/jre/lib/amd64/libinstrument.so
7f3d6d07a000-7f3d6d07b000 r--p 00009000 08:05 671478                     /usr/lib/jvm/java-8-openjdk-amd64/jre/lib/amd64/libinstrument.so
7f3d6d07b000-7f3d6d07c000 rw-p 0000a000 08:05 671478                     /usr/lib/jvm/java-8-openjdk-amd64/jre/lib/amd64/libinstrument.so
7f3d6d07c000-7f3d6d0a9000 r-xp 00000000 08:05 671460                     /usr/lib/jvm/java-8-openjdk-amd64/jre/lib/amd64/libjava.so
7f3d6d0a9000-7f3d6d2a8000 ---p 0002d000 08:05 671460                     /usr/lib/jvm/java-8-openjdk-amd64/jre/lib/amd64/libjava.so
7f3d6d2a8000-7f3d6d2a9000 r--p 0002c000 08:05 671460                     /usr/lib/jvm/java-8-openjdk-amd64/jre/lib/amd64/libjava.so
7f3d6d2a9000-7f3d6d2ab000 rw-p 0002d000 08:05 671460                     /usr/lib/jvm/java-8-openjdk-amd64/jre/lib/amd64/libjava.so
7f3d6d2ab000-7f3d6d2ba000 r-xp 00000000 08:05 671457                     /usr/lib/jvm/java-8-openjdk-amd64/jre/lib/amd64/libverify.so
7f3d6d2ba000-7f3d6d4b9000 ---p 0000f000 08:05 671457                     /usr/lib/jvm/java-8-openjdk-amd64/jre/lib/amd64/libverify.so
7f3d6d4b9000-7f3d6d4bb000 r--p 0000e000 08:05 671457                     /usr/lib/jvm/java-8-openjdk-amd64/jre/lib/amd64/libverify.so
7f3d6d4bb000-7f3d6d4bc000 rw-p 00010000 08:05 671457                     /usr/lib/jvm/java-8-openjdk-amd64/jre/lib/amd64/libverify.so
7f3d6d4bc000-7f3d6d4c3000 r-xp 00000000 08:05 2364076                    /lib/x86_64-linux-gnu/librt-2.23.so
7f3d6d4c3000-7f3d6d6c2000 ---p 00007000 08:05 2364076                    /lib/x86_64-linux-gnu/librt-2.23.so
7f3d6d6c2000-7f3d6d6c3000 r--p 00006000 08:05 2364076                    /lib/x86_64-linux-gnu/librt-2.23.so
7f3d6d6c3000-7f3d6d6c4000 rw-p 00007000 08:05 2364076                    /lib/x86_64-linux-gnu/librt-2.23.so
7f3d6d6c4000-7f3d6d6da000 r-xp 00000000 08:05 2364432                    /lib/x86_64-linux-gnu/libgcc_s.so.1
7f3d6d6da000-7f3d6d8d9000 ---p 00016000 08:05 2364432                    /lib/x86_64-linux-gnu/libgcc_s.so.1
7f3d6d8d9000-7f3d6d8da000 rw-p 00015000 08:05 2364432                    /lib/x86_64-linux-gnu/libgcc_s.so.1
7f3d6d8da000-7f3d6d9e2000 r-xp 00000000 08:05 2364064                    /lib/x86_64-linux-gnu/libm-2.23.so
7f3d6d9e2000-7f3d6dbe1000 ---p 00108000 08:05 2364064                    /lib/x86_64-linux-gnu/libm-2.23.so
7f3d6dbe1000-7f3d6dbe2000 r--p 00107000 08:05 2364064                    /lib/x86_64-linux-gnu/libm-2.23.so
7f3d6dbe2000-7f3d6dbe3000 rw-p 00108000 08:05 2364064                    /lib/x86_64-linux-gnu/libm-2.23.so
7f3d6dbe3000-7f3d6dd55000 r-xp 00000000 08:05 657537                     /usr/lib/x86_64-linux-gnu/libstdc++.so.6.0.21
7f3d6dd55000-7f3d6df55000 ---p 00172000 08:05 657537                     /usr/lib/x86_64-linux-gnu/libstdc++.so.6.0.21
7f3d6df55000-7f3d6df5f000 r--p 00172000 08:05 657537                     /usr/lib/x86_64-linux-gnu/libstdc++.so.6.0.21
7f3d6df5f000-7f3d6df61000 rw-p 0017c000 08:05 657537                     /usr/lib/x86_64-linux-gnu/libstdc++.so.6.0.21
7f3d6df61000-7f3d6df65000 rw-p 00000000 00:00 0 
7f3d6df65000-7f3d6ebb6000 r-xp 00000000 08:05 671456                     /usr/lib/jvm/java-8-openjdk-amd64/jre/lib/amd64/server/libjvm.so
7f3d6ebb6000-7f3d6edb6000 ---p 00c51000 08:05 671456                     /usr/lib/jvm/java-8-openjdk-amd64/jre/lib/amd64/server/libjvm.so
7f3d6edb6000-7f3d6ee49000 r--p 00c51000 08:05 671456                     /usr/lib/jvm/java-8-openjdk-amd64/jre/lib/amd64/server/libjvm.so
7f3d6ee49000-7f3d6ee72000 rw-p 00ce4000 08:05 671456                     /usr/lib/jvm/java-8-openjdk-amd64/jre/lib/amd64/server/libjvm.so
7f3d6ee72000-7f3d6eea2000 rw-p 00000000 00:00 0 
7f3d6eea2000-7f3d6eeba000 r-xp 00000000 08:05 2364080                    /lib/x86_64-linux-gnu/libpthread-2.23.so
7f3d6eeba000-7f3d6f0b9000 ---p 00018000 08:05 2364080                    /lib/x86_64-linux-gnu/libpthread-2.23.so
7f3d6f0b9000-7f3d6f0ba000 r--p 00017000 08:05 2364080                    /lib/x86_64-linux-gnu/libpthread-2.23.so
7f3d6f0ba000-7f3d6f0bb000 rw-p 00018000 08:05 2364080                    /lib/x86_64-linux-gnu/libpthread-2.23.so
7f3d6f0bb000-7f3d6f0bf000 rw-p 00000000 00:00 0 
7f3d6f0bf000-7f3d6f0c2000 r-xp 00000000 08:05 2364062                    /lib/x86_64-linux-gnu/libdl-2.23.so
7f3d6f0c2000-7f3d6f2c1000 ---p 00003000 08:05 2364062                    /lib/x86_64-linux-gnu/libdl-2.23.so
7f3d6f2c1000-7f3d6f2c2000 r--p 00002000 08:05 2364062                    /lib/x86_64-linux-gnu/libdl-2.23.so
7f3d6f2c2000-7f3d6f2c3000 rw-p 00003000 08:05 2364062                    /lib/x86_64-linux-gnu/libdl-2.23.so
7f3d6f2c3000-7f3d6f2dc000 r-xp 00000000 08:05 2360613                    /lib/x86_64-linux-gnu/libz.so.1.2.8
7f3d6f2dc000-7f3d6f4db000 ---p 00019000 08:05 2360613                    /lib/x86_64-linux-gnu/libz.so.1.2.8
7f3d6f4db000-7f3d6f4dc000 r--p 00018000 08:05 2360613                    /lib/x86_64-linux-gnu/libz.so.1.2.8
7f3d6f4dc000-7f3d6f4dd000 rw-p 00019000 08:05 2360613                    /lib/x86_64-linux-gnu/libz.so.1.2.8
7f3d6f4dd000-7f3d6f69c000 r-xp 00000000 08:05 2364066                    /lib/x86_64-linux-gnu/libc-2.23.so
7f3d6f69c000-7f3d6f89c000 ---p 001bf000 08:05 2364066                    /lib/x86_64-linux-gnu/libc-2.23.so
7f3d6f89c000-7f3d6f8a0000 r--p 001bf000 08:05 2364066                    /lib/x86_64-linux-gnu/libc-2.23.so
7f3d6f8a0000-7f3d6f8a2000 rw-p 001c3000 08:05 2364066                    /lib/x86_64-linux-gnu/libc-2.23.so
7f3d6f8a2000-7f3d6f8a6000 rw-p 00000000 00:00 0 
7f3d6f8a6000-7f3d6f8b3000 r-xp 00000000 08:05 671472                     /usr/lib/jvm/java-8-openjdk-amd64/jre/lib/amd64/jli/libjli.so
7f3d6f8b3000-7f3d6fab3000 ---p 0000d000 08:05 671472                     /usr/lib/jvm/java-8-openjdk-amd64/jre/lib/amd64/jli/libjli.so
7f3d6fab3000-7f3d6fab4000 r--p 0000d000 08:05 671472                     /usr/lib/jvm/java-8-openjdk-amd64/jre/lib/amd64/jli/libjli.so
7f3d6fab4000-7f3d6fab5000 rw-p 0000e000 08:05 671472                     /usr/lib/jvm/java-8-openjdk-amd64/jre/lib/amd64/jli/libjli.so
7f3d6fab5000-7f3d6fadb000 r-xp 00000000 08:05 2364067                    /lib/x86_64-linux-gnu/ld-2.23.so
7f3d6fbaf000-7f3d6fbb2000 ---p 00000000 00:00 0 
7f3d6fbb2000-7f3d6fcb5000 rw-p 00000000 00:00 0 
7f3d6fcce000-7f3d6fcd6000 rw-s 00000000 08:05 264323                     /tmp/hsperfdata_davgutavi/18118
7f3d6fcd6000-7f3d6fcd7000 rw-p 00000000 00:00 0 
7f3d6fcd7000-7f3d6fcd8000 r--p 00000000 00:00 0 
7f3d6fcd8000-7f3d6fcda000 rw-p 00000000 00:00 0 
7f3d6fcda000-7f3d6fcdb000 r--p 00025000 08:05 2364067                    /lib/x86_64-linux-gnu/ld-2.23.so
7f3d6fcdb000-7f3d6fcdc000 rw-p 00026000 08:05 2364067                    /lib/x86_64-linux-gnu/ld-2.23.so
7f3d6fcdc000-7f3d6fcdd000 rw-p 00000000 00:00 0 
7ffcad13f000-7ffcad164000 rw-p 00000000 00:00 0                          [stack]
7ffcad1a8000-7ffcad1aa000 r--p 00000000 00:00 0                          [vvar]
7ffcad1aa000-7ffcad1ac000 r-xp 00000000 00:00 0                          [vdso]
ffffffffff600000-ffffffffff601000 r-xp 00000000 00:00 0                  [vsyscall]

VM Arguments:
jvm_args: -Xms50g -Xmx50g -javaagent:/home/davgutavi/idea-IC-171.3780.107/lib/idea_rt.jar=46093:/home/davgutavi/idea-IC-171.3780.107/bin -Dfile.encoding=UTF-8 
java_command: es.upo.datalab.entrypoints.datasets.CupsIrregularidadAnomaliaLecturas
java_class_path (initial): /usr/lib/jvm/java-8-openjdk-amd64/jre/lib/charsets.jar:/usr/lib/jvm/java-8-openjdk-amd64/jre/lib/ext/cldrdata.jar:/usr/lib/jvm/java-8-openjdk-amd64/jre/lib/ext/dnsns.jar:/usr/lib/jvm/java-8-openjdk-amd64/jre/lib/ext/icedtea-sound.jar:/usr/lib/jvm/java-8-openjdk-amd64/jre/lib/ext/jaccess.jar:/usr/lib/jvm/java-8-openjdk-amd64/jre/lib/ext/localedata.jar:/usr/lib/jvm/java-8-openjdk-amd64/jre/lib/ext/nashorn.jar:/usr/lib/jvm/java-8-openjdk-amd64/jre/lib/ext/sunec.jar:/usr/lib/jvm/java-8-openjdk-amd64/jre/lib/ext/sunjce_provider.jar:/usr/lib/jvm/java-8-openjdk-amd64/jre/lib/ext/sunpkcs11.jar:/usr/lib/jvm/java-8-openjdk-amd64/jre/lib/ext/zipfs.jar:/usr/lib/jvm/java-8-openjdk-amd64/jre/lib/jce.jar:/usr/lib/jvm/java-8-openjdk-amd64/jre/lib/jsse.jar:/usr/lib/jvm/java-8-openjdk-amd64/jre/lib/management-agent.jar:/usr/lib/jvm/java-8-openjdk-amd64/jre/lib/resources.jar:/usr/lib/jvm/java-8-openjdk-amd64/jre/lib/rt.jar:/mnt/datos/davgutavi/workspaces/intellij_workspace/UpoLab/target/scala-2.11/classes:/home/davgutavi/.ivy2/cache/aopalliance/aopalliance/jars/aopalliance-1.0.jar:/home/davgutavi/.ivy2/cache/stax/stax-api/jars/stax-api-1.0.1.jar:/home/davgutavi/.ivy2/cache/org.spark-project.hive/hive-metastore/jars/hive-metastore-1.2.1.spark2.jar:/home/davgutavi/.ivy2/cache/org.spark-project.hive/hive-exec/jars/hive-exec-1.2.1.spark2.jar:/home/davgutavi/.ivy2/cache/org.scalanlp/breeze_2.11/jars/breeze_2.11-0.12.jar:/home/davgutavi/.ivy2/cache/org.scalanlp/breeze-macros_2.11/jars/breeze-macros_2.11-0.12.jar:/home/davgutavi/.ivy2/cache/org.jodd/jodd-core/jars/jodd-core-3.5.2.jar:/home/davgutavi/.ivy2/cache/org.iq80.snappy/snappy/jars/snappy-0.2.jar:/home/davgutavi/.ivy2/cache/org.datanucleus/datanucleus-rdbms/jars/datanucleus-rdbms-3.2.9.jar:/home/davgutavi/.ivy2/cache/org.datanucleus/datanucleus-core/jars/datanucleus-core-3.2.10.jar:/home/davgutavi/.ivy2/cache/org.datanucleus/datanucleus-api-jdo/jars/datanucleus-api-jdo-3.2.6.jar:/home/davgutavi/.ivy2/cache
Launcher Type: SUN_STANDARD

Environment Variables:
PATH=/home/davgutavi/bin:/home/davgutavi/.local/bin:/usr/local/sbin:/usr/local/bin:/usr/sbin:/usr/bin:/sbin:/bin:/usr/games:/usr/local/games:/snap/bin
LD_LIBRARY_PATH=/home/davgutavi/idea-IC-171.3780.107/bin:
SHELL=/bin/bash
DISPLAY=:0

Signal Handlers:
SIGSEGV: [libjvm.so+0xa67f40], sa_mask[0]=11111111011111111101111111111110, sa_flags=SA_RESTART|SA_SIGINFO
SIGBUS: [libjvm.so+0xa67f40], sa_mask[0]=11111111011111111101111111111110, sa_flags=SA_RESTART|SA_SIGINFO
SIGFPE: [libjvm.so+0x8b0ec0], sa_mask[0]=11111111011111111101111111111110, sa_flags=SA_RESTART|SA_SIGINFO
SIGPIPE: [libjvm.so+0x8b0ec0], sa_mask[0]=11111111011111111101111111111110, sa_flags=SA_RESTART|SA_SIGINFO
SIGXFSZ: [libjvm.so+0x8b0ec0], sa_mask[0]=11111111011111111101111111111110, sa_flags=SA_RESTART|SA_SIGINFO
SIGILL: [libjvm.so+0x8b0ec0], sa_mask[0]=11111111011111111101111111111110, sa_flags=SA_RESTART|SA_SIGINFO
SIGUSR1: SIG_DFL, sa_mask[0]=00000000000000000000000000000000, sa_flags=none
SIGUSR2: [libjvm.so+0x8b0d70], sa_mask[0]=00100000000000000000000000000000, sa_flags=SA_RESTART|SA_SIGINFO
SIGHUP: SIG_DFL, sa_mask[0]=00000000000000000000000000000000, sa_flags=none
SIGINT: SIG_DFL, sa_mask[0]=00000000000000000000000000000000, sa_flags=none
SIGTERM: SIG_DFL, sa_mask[0]=00000000000000000000000000000000, sa_flags=none
SIGQUIT: SIG_DFL, sa_mask[0]=00000000000000000000000000000000, sa_flags=none


---------------  S Y S T E M  ---------------

OS:DISTRIB_ID=Ubuntu
DISTRIB_RELEASE=16.04
DISTRIB_CODENAME=xenial
DISTRIB_DESCRIPTION="Ubuntu 16.04.2 LTS"

uname:Linux 4.4.0-78-generic #99-Ubuntu SMP Thu Apr 27 15:29:09 UTC 2017 x86_64
libc:glibc 2.23 NPTL 2.23 
rlimit: STACK 8192k, CORE 0k, NPROC 63636, NOFILE 65536, AS infinity
load average:1.14 2.30 6.67

/proc/meminfo:
MemTotal:       16331228 kB
MemFree:        14525260 kB
MemAvailable:   14584240 kB
Buffers:           18716 kB
Cached:           285768 kB
SwapCached:       166300 kB
Active:           784708 kB
Inactive:         730960 kB
Active(anon):     711228 kB
Inactive(anon):   511948 kB
Active(file):      73480 kB
Inactive(file):   219012 kB
Unevictable:          88 kB
Mlocked:              88 kB
SwapTotal:      16674812 kB
SwapFree:       14317888 kB
Dirty:               184 kB
Writeback:             0 kB
AnonPages:       1201484 kB
Mapped:           161552 kB
Shmem:              9508 kB
Slab:             120928 kB
SReclaimable:      57068 kB
SUnreclaim:        63860 kB
KernelStack:       15552 kB
PageTables:        39248 kB
NFS_Unstable:          0 kB
Bounce:                0 kB
WritebackTmp:          0 kB
CommitLimit:    24840424 kB
Committed_AS:   26143172 kB
VmallocTotal:   34359738367 kB
VmallocUsed:           0 kB
VmallocChunk:          0 kB
HardwareCorrupted:     0 kB
AnonHugePages:    352256 kB
CmaTotal:              0 kB
CmaFree:               0 kB
HugePages_Total:       0
HugePages_Free:        0
HugePages_Rsvd:        0
HugePages_Surp:        0
Hugepagesize:       2048 kB
DirectMap4k:      366612 kB
DirectMap2M:    16310272 kB
DirectMap1G:     2097152 kB


CPU:total 12 (initial active 12) (6 cores per cpu, 2 threads per core) family 6 model 63 stepping 2, cmov, cx8, fxsr, mmx, sse, sse2, sse3, ssse3, sse4.1, sse4.2, popcnt, avx, avx2, aes, clmul, erms, lzcnt, ht, tsc, tscinvbit, bmi1, bmi2

/proc/cpuinfo:
processor	: 0
vendor_id	: GenuineIntel
cpu family	: 6
model		: 63
model name	: Intel(R) Core(TM) i7-5820K CPU @ 3.30GHz
stepping	: 2
microcode	: 0x38
cpu MHz		: 3380.953
cache size	: 15360 KB
physical id	: 0
siblings	: 12
core id		: 0
cpu cores	: 6
apicid		: 0
initial apicid	: 0
fpu		: yes
fpu_exception	: yes
cpuid level	: 15
wp		: yes
flags		: fpu vme de pse tsc msr pae mce cx8 apic sep mtrr pge mca cmov pat pse36 clflush dts acpi mmx fxsr sse sse2 ss ht tm pbe syscall nx pdpe1gb rdtscp lm constant_tsc arch_perfmon pebs bts rep_good nopl xtopology nonstop_tsc aperfmperf eagerfpu pni pclmulqdq dtes64 monitor ds_cpl vmx est tm2 ssse3 sdbg fma cx16 xtpr pdcm pcid dca sse4_1 sse4_2 x2apic movbe popcnt tsc_deadline_timer aes xsave avx f16c rdrand lahf_lm abm tpr_shadow vnmi flexpriority ept vpid fsgsbase tsc_adjust bmi1 avx2 smep bmi2 erms invpcid cqm xsaveopt cqm_llc cqm_occup_llc dtherm ida arat pln pts
bugs		:
bogomips	: 6599.72
clflush size	: 64
cache_alignment	: 64
address sizes	: 46 bits physical, 48 bits virtual
power management:

processor	: 1
vendor_id	: GenuineIntel
cpu family	: 6
model		: 63
model name	: Intel(R) Core(TM) i7-5820K CPU @ 3.30GHz
stepping	: 2
microcode	: 0x38
cpu MHz		: 3188.882
cache size	: 15360 KB
physical id	: 0
siblings	: 12
core id		: 1
cpu cores	: 6
apicid		: 2
initial apicid	: 2
fpu		: yes
fpu_exception	: yes
cpuid level	: 15
wp		: yes
flags		: fpu vme de pse tsc msr pae mce cx8 apic sep mtrr pge mca cmov pat pse36 clflush dts acpi mmx fxsr sse sse2 ss ht tm pbe syscall nx pdpe1gb rdtscp lm constant_tsc arch_perfmon pebs bts rep_good nopl xtopology nonstop_tsc aperfmperf eagerfpu pni pclmulqdq dtes64 monitor ds_cpl vmx est tm2 ssse3 sdbg fma cx16 xtpr pdcm pcid dca sse4_1 sse4_2 x2apic movbe popcnt tsc_deadline_timer aes xsave avx f16c rdrand lahf_lm abm tpr_shadow vnmi flexpriority ept vpid fsgsbase tsc_adjust bmi1 avx2 smep bmi2 erms invpcid cqm xsaveopt cqm_llc cqm_occup_llc dtherm ida arat pln pts
bugs		:
bogomips	: 6599.72
clflush size	: 64
cache_alignment	: 64
address sizes	: 46 bits physical, 48 bits virtual
power management:

processor	: 2
vendor_id	: GenuineIntel
cpu family	: 6
model		: 63
model name	: Intel(R) Core(TM) i7-5820K CPU @ 3.30GHz
stepping	: 2
microcode	: 0x38
cpu MHz		: 3100.324
cache size	: 15360 KB
physical id	: 0
siblings	: 12
core id		: 2
cpu cores	: 6
apicid		: 4
initial apicid	: 4
fpu		: yes
fpu_exception	: yes
cpuid level	: 15
wp		: yes
flags		: fpu vme de pse tsc msr pae mce cx8 apic sep mtrr pge mca cmov pat pse36 clflush dts acpi mmx fxsr sse sse2 ss ht tm pbe syscall nx pdpe1gb rdtscp lm constant_tsc arch_perfmon pebs bts rep_good nopl xtopology nonstop_tsc aperfmperf eagerfpu pni pclmulqdq dtes64 monitor ds_cpl vmx est tm2 ssse3 sdbg fma cx16 xtpr pdcm pcid dca sse4_1 sse4_2 x2apic movbe popcnt tsc_deadline_timer aes xsave avx f16c rdrand lahf_lm abm tpr_shadow vnmi flexpriority ept vpid fsgsbase tsc_adjust bmi1 avx2 smep bmi2 erms invpcid cqm xsaveopt cqm_llc cqm_occup_llc dtherm ida arat pln pts
bugs		:
bogomips	: 6599.72
clflush size	: 64
cache_alignment	: 64
address sizes	: 46 bits physical, 48 bits virtual
power management:

processor	: 3
vendor_id	: GenuineIntel
cpu family	: 6
model		: 63
model name	: Intel(R) Core(TM) i7-5820K CPU @ 3.30GHz
stepping	: 2
microcode	: 0x38
cpu MHz		: 2683.312
cache size	: 15360 KB
physical id	: 0
siblings	: 12
core id		: 3
cpu cores	: 6
apicid		: 6
initial apicid	: 6
fpu		: yes
fpu_exception	: yes
cpuid level	: 15
wp		: yes
flags		: fpu vme de pse tsc msr pae mce cx8 apic sep mtrr pge mca cmov pat pse36 clflush dts acpi mmx fxsr sse sse2 ss ht tm pbe syscall nx pdpe1gb rdtscp lm constant_tsc arch_perfmon pebs bts rep_good nopl xtopology nonstop_tsc aperfmperf eagerfpu pni pclmulqdq dtes64 monitor ds_cpl vmx est tm2 ssse3 sdbg fma cx16 xtpr pdcm pcid dca sse4_1 sse4_2 x2apic movbe popcnt tsc_deadline_timer aes xsave avx f16c rdrand lahf_lm abm tpr_shadow vnmi flexpriority ept vpid fsgsbase tsc_adjust bmi1 avx2 smep bmi2 erms invpcid cqm xsaveopt cqm_llc cqm_occup_llc dtherm ida arat pln pts
bugs		:
bogomips	: 6599.72
clflush size	: 64
cache_alignment	: 64
address sizes	: 46 bits physical, 48 bits virtual
power management:

processor	: 4
vendor_id	: GenuineIntel
cpu family	: 6
model		: 63
model name	: Intel(R) Core(TM) i7-5820K CPU @ 3.30GHz
stepping	: 2
microcode	: 0x38
cpu MHz		: 2166.527
cache size	: 15360 KB
physical id	: 0
siblings	: 12
core id		: 4
cpu cores	: 6
apicid		: 8
initial apicid	: 8
fpu		: yes
fpu_exception	: yes
cpuid level	: 15
wp		: yes
flags		: fpu vme de pse tsc msr pae mce cx8 apic sep mtrr pge mca cmov pat pse36 clflush dts acpi mmx fxsr sse sse2 ss ht tm pbe syscall nx pdpe1gb rdtscp lm constant_tsc arch_perfmon pebs bts rep_good nopl xtopology nonstop_tsc aperfmperf eagerfpu pni pclmulqdq dtes64 monitor ds_cpl vmx est tm2 ssse3 sdbg fma cx16 xtpr pdcm pcid dca sse4_1 sse4_2 x2apic movbe popcnt tsc_deadline_timer aes xsave avx f16c rdrand lahf_lm abm tpr_shadow vnmi flexpriority ept vpid fsgsbase tsc_adjust bmi1 avx2 smep bmi2 erms invpcid cqm xsaveopt cqm_llc cqm_occup_llc dtherm ida arat pln pts
bugs		:
bogomips	: 6599.72
clflush size	: 64
cache_alignment	: 64
address sizes	: 46 bits physical, 48 bits virtual
power management:

processor	: 5
vendor_id	: GenuineIntel
cpu family	: 6
model		: 63
model name	: Intel(R) Core(TM) i7-5820K CPU @ 3.30GHz
stepping	: 2
microcode	: 0x38
cpu MHz		: 3395.648
cache size	: 15360 KB
physical id	: 0
siblings	: 12
core id		: 5
cpu cores	: 6
apicid		: 10
initial apicid	: 10
fpu		: yes
fpu_exception	: yes
cpuid level	: 15
wp		: yes
flags		: fpu vme de pse tsc msr pae mce cx8 apic sep mtrr pge mca cmov pat pse36 clflush dts acpi mmx fxsr sse sse2 ss ht tm pbe syscall nx pdpe1gb rdtscp lm constant_tsc arch_perfmon pebs bts rep_good nopl xtopology nonstop_tsc aperfmperf eagerfpu pni pclmulqdq dtes64 monitor ds_cpl vmx est tm2 ssse3 sdbg fma cx16 xtpr pdcm pcid dca sse4_1 sse4_2 x2apic movbe popcnt tsc_deadline_timer aes xsave avx f16c rdrand lahf_lm abm tpr_shadow vnmi flexpriority ept vpid fsgsbase tsc_adjust bmi1 avx2 smep bmi2 erms invpcid cqm xsaveopt cqm_llc cqm_occup_llc dtherm ida arat pln pts
bugs		:
bogomips	: 6599.72
clflush size	: 64
cache_alignment	: 64
address sizes	: 46 bits physical, 48 bits virtual
power management:

processor	: 6
vendor_id	: GenuineIntel
cpu family	: 6
model		: 63
model name	: Intel(R) Core(TM) i7-5820K CPU @ 3.30GHz
stepping	: 2
microcode	: 0x38
cpu MHz		: 3303.351
cache size	: 15360 KB
physical id	: 0
siblings	: 12
core id		: 0
cpu cores	: 6
apicid		: 1
initial apicid	: 1
fpu		: yes
fpu_exception	: yes
cpuid level	: 15
wp		: yes
flags		: fpu vme de pse tsc msr pae mce cx8 apic sep mtrr pge mca cmov pat pse36 clflush dts acpi mmx fxsr sse sse2 ss ht tm pbe syscall nx pdpe1gb rdtscp lm constant_tsc arch_perfmon pebs bts rep_good nopl xtopology nonstop_tsc aperfmperf eagerfpu pni pclmulqdq dtes64 monitor ds_cpl vmx est tm2 ssse3 sdbg fma cx16 xtpr pdcm pcid dca sse4_1 sse4_2 x2apic movbe popcnt tsc_deadline_timer aes xsave avx f16c rdrand lahf_lm abm tpr_shadow vnmi flexpriority ept vpid fsgsbase tsc_adjust bmi1 avx2 smep bmi2 erms invpcid cqm xsaveopt cqm_llc cqm_occup_llc dtherm ida arat pln pts
bugs		:
bogomips	: 6599.72
clflush size	: 64
cache_alignment	: 64
address sizes	: 46 bits physical, 48 bits virtual
power management:

processor	: 7
vendor_id	: GenuineIntel
cpu family	: 6
model		: 63
model name	: Intel(R) Core(TM) i7-5820K CPU @ 3.30GHz
stepping	: 2
microcode	: 0x38
cpu MHz		: 3000.421
cache size	: 15360 KB
physical id	: 0
siblings	: 12
core id		: 1
cpu cores	: 6
apicid		: 3
initial apicid	: 3
fpu		: yes
fpu_exception	: yes
cpuid level	: 15
wp		: yes
flags		: fpu vme de pse tsc msr pae mce cx8 apic sep mtrr pge mca cmov pat pse36 clflush dts acpi mmx fxsr sse sse2 ss ht tm pbe syscall nx pdpe1gb rdtscp lm constant_tsc arch_perfmon pebs bts rep_good nopl xtopology nonstop_tsc aperfmperf eagerfpu pni pclmulqdq dtes64 monitor ds_cpl vmx est tm2 ssse3 sdbg fma cx16 xtpr pdcm pcid dca sse4_1 sse4_2 x2apic movbe popcnt tsc_deadline_timer aes xsave avx f16c rdrand lahf_lm abm tpr_shadow vnmi flexpriority ept vpid fsgsbase tsc_adjust bmi1 avx2 smep bmi2 erms invpcid cqm xsaveopt cqm_llc cqm_occup_llc dtherm ida arat pln pts
bugs		:
bogomips	: 6599.72
clflush size	: 64
cache_alignment	: 64
address sizes	: 46 bits physical, 48 bits virtual
power management:

processor	: 8
vendor_id	: GenuineIntel
cpu family	: 6
model		: 63
model name	: Intel(R) Core(TM) i7-5820K CPU @ 3.30GHz
stepping	: 2
microcode	: 0x38
cpu MHz		: 3199.710
cache size	: 15360 KB
physical id	: 0
siblings	: 12
core id		: 2
cpu cores	: 6
apicid		: 5
initial apicid	: 5
fpu		: yes
fpu_exception	: yes
cpuid level	: 15
wp		: yes
flags		: fpu vme de pse tsc msr pae mce cx8 apic sep mtrr pge mca cmov pat pse36 clflush dts acpi mmx fxsr sse sse2 ss ht tm pbe syscall nx pdpe1gb rdtscp lm constant_tsc arch_perfmon pebs bts rep_good nopl xtopology nonstop_tsc aperfmperf eagerfpu pni pclmulqdq dtes64 monitor ds_cpl vmx est tm2 ssse3 sdbg fma cx16 xtpr pdcm pcid dca sse4_1 sse4_2 x2apic movbe popcnt tsc_deadline_timer aes xsave avx f16c rdrand lahf_lm abm tpr_shadow vnmi flexpriority ept vpid fsgsbase tsc_adjust bmi1 avx2 smep bmi2 erms invpcid cqm xsaveopt cqm_llc cqm_occup_llc dtherm ida arat pln pts
bugs		:
bogomips	: 6599.72
clflush size	: 64
cache_alignment	: 64
address sizes	: 46 bits physical, 48 bits virtual
power management:

processor	: 9
vendor_id	: GenuineIntel
cpu family	: 6
model		: 63
model name	: Intel(R) Core(TM) i7-5820K CPU @ 3.30GHz
stepping	: 2
microcode	: 0x38
cpu MHz		: 2688.468
cache size	: 15360 KB
physical id	: 0
siblings	: 12
core id		: 3
cpu cores	: 6
apicid		: 7
initial apicid	: 7
fpu		: yes
fpu_exception	: yes
cpuid level	: 15
wp		: yes
flags		: fpu vme de pse tsc msr pae mce cx8 apic sep mtrr pge mca cmov pat pse36 clflush dts acpi mmx fxsr sse sse2 ss ht tm pbe syscall nx pdpe1gb rdtscp lm constant_tsc arch_perfmon pebs bts rep_good nopl xtopology nonstop_tsc aperfmperf eagerfpu pni pclmulqdq dtes64 monitor ds_cpl vmx est tm2 ssse3 sdbg fma cx16 xtpr pdcm pcid dca sse4_1 sse4_2 x2apic movbe popcnt tsc_deadline_timer aes xsave avx f16c rdrand lahf_lm abm tpr_shadow vnmi flexpriority ept vpid fsgsbase tsc_adjust bmi1 avx2 smep bmi2 erms invpcid cqm xsaveopt cqm_llc cqm_occup_llc dtherm ida arat pln pts
bugs		:
bogomips	: 6599.72
clflush size	: 64
cache_alignment	: 64
address sizes	: 46 bits physical, 48 bits virtual
power management:

processor	: 10
vendor_id	: GenuineIntel
cpu family	: 6
model		: 63
model name	: Intel(R) Core(TM) i7-5820K CPU @ 3.30GHz
stepping	: 2
microcode	: 0x38
cpu MHz		: 2100.527
cache size	: 15360 KB
physical id	: 0
siblings	: 12
core id		: 4
cpu cores	: 6
apicid		: 9
initial apicid	: 9
fpu		: yes
fpu_exception	: yes
cpuid level	: 15
wp		: yes
flags		: fpu vme de pse tsc msr pae mce cx8 apic sep mtrr pge mca cmov pat pse36 clflush dts acpi mmx fxsr sse sse2 ss ht tm pbe syscall nx pdpe1gb rdtscp lm constant_tsc arch_perfmon pebs bts rep_good nopl xtopology nonstop_tsc aperfmperf eagerfpu pni pclmulqdq dtes64 monitor ds_cpl vmx est tm2 ssse3 sdbg fma cx16 xtpr pdcm pcid dca sse4_1 sse4_2 x2apic movbe popcnt tsc_deadline_timer aes xsave avx f16c rdrand lahf_lm abm tpr_shadow vnmi flexpriority ept vpid fsgsbase tsc_adjust bmi1 avx2 smep bmi2 erms invpcid cqm xsaveopt cqm_llc cqm_occup_llc dtherm ida arat pln pts
bugs		:
bogomips	: 6599.72
clflush size	: 64
cache_alignment	: 64
address sizes	: 46 bits physical, 48 bits virtual
power management:

processor	: 11
vendor_id	: GenuineIntel
cpu family	: 6
model		: 63
model name	: Intel(R) Core(TM) i7-5820K CPU @ 3.30GHz
stepping	: 2
microcode	: 0x38
cpu MHz		: 3390.234
cache size	: 15360 KB
physical id	: 0
siblings	: 12
core id		: 5
cpu cores	: 6
apicid		: 11
initial apicid	: 11
fpu		: yes
fpu_exception	: yes
cpuid level	: 15
wp		: yes
flags		: fpu vme de pse tsc msr pae mce cx8 apic sep mtrr pge mca cmov pat pse36 clflush dts acpi mmx fxsr sse sse2 ss ht tm pbe syscall nx pdpe1gb rdtscp lm constant_tsc arch_perfmon pebs bts rep_good nopl xtopology nonstop_tsc aperfmperf eagerfpu pni pclmulqdq dtes64 monitor ds_cpl vmx est tm2 ssse3 sdbg fma cx16 xtpr pdcm pcid dca sse4_1 sse4_2 x2apic movbe popcnt tsc_deadline_timer aes xsave avx f16c rdrand lahf_lm abm tpr_shadow vnmi flexpriority ept vpid fsgsbase tsc_adjust bmi1 avx2 smep bmi2 erms invpcid cqm xsaveopt cqm_llc cqm_occup_llc dtherm ida arat pln pts
bugs		:
bogomips	: 6599.72
clflush size	: 64
cache_alignment	: 64
address sizes	: 46 bits physical, 48 bits virtual
power management:



Memory: 4k page, physical 16331228k(14524888k free), swap 16674812k(14317896k free)

vm_info: OpenJDK 64-Bit Server VM (25.131-b11) for linux-amd64 JRE (1.8.0_131-8u131-b11-0ubuntu1.16.04.2-b11), built on May  6 2017 02:45:27 by "buildd" with gcc 5.4.0 20160609

time: Mon May 22 18:14:14 2017
elapsed time: 0 seconds (0d 0h 0m 0s)

